6
The first creation of the tree took 0.000902593 seconds for process 0 from the total of 1
The root node has 6 elements
The particles vector has 6 particles
The serializedNode vector has 12 elements


Trial 6



Trial 6



Trial 6



Trial 1



Trial 4



Trial 3



Trial 3



Trial 1



Trial 1



Trial 1



Trial 1



Trial 1

The remaining number of particles in the particles vector is= 6
The number of particles in the tree is= 6
The large loop with steps takes 0.000934128 seconds for process 0 from the total of 1
End of program
