1
1
998
1
1
998
1
1
998
1
1
998
The first creation of the tree took 0.0332369 seconds for process 1 from the total of 10
The root node has 1000 elements
The particles vector has 1000 particles
The first creation of the tree took 0.030918 seconds for process 8 from the total of 10
The root node has 1000 elements
The particles vector has 1000 particles
The first creation of the tree took 0.0333895 seconds for process 0 from the total of 10
The root node has 1000 elements
The particles vector has 1000 particles
1
1
998
1
1
998
The first creation of the tree took 0.0334811 seconds for process 5 from the total of 10
The root node has 1000 elements
The particles vector has 1000 particles
The first creation of the tree took 0.0328552 seconds for process 9 from the total of 10
The root node has 1000 elements
The particles vector has 1000 particles
1
1
998
The first creation of the tree took 0.0337281 seconds for process 2 from the total of 10
The root node has 1000 elements
The particles vector has 1000 particles
1
1
998
The first creation of the tree took 0.0362542 seconds for process 7 from the total of 10
The root node has 1000 elements
The particles vector has 1000 particles
1
1
998
The first creation of the tree took 0.0372688 seconds for process 3 from the total of 10
The root node has 1000 elements
The particles vector has 1000 particles
1
1
998
The first creation of the tree took 0.0466169 seconds for process 4 from the total of 10
The root node has 1000 elements
The particles vector has 1000 particles
The first creation of the tree took 0.0303802 seconds for process 6 from the total of 10
The root node has 1000 elements
The particles vector has 1000 particles
The remaining number of particles in the particles vector is= 1000
The number of particles in the tree is= 1000
The large loop with steps takes 0.0691181 seconds for process 2 from the total of 10
End of program
The remaining number of particles in the particles vector is= 1000
The number of particles in the tree is= 1000
The large loop with steps takes 0.0721827 seconds for process 0 from the total of 10
End of program
The remaining number of particles in the particles vector is= 1000
The number of particles in the tree is= 1000
The large loop with steps takes 0.0712766 seconds for process 1 from the total of 10
End of program
The remaining number of particles in the particles vector is= 1000
The number of particles in the tree is= 1000
The large loop with steps takes 0.072487 seconds for process 5 from the total of 10
End of program
The remaining number of particles in the particles vector is= 1000
The number of particles in the tree is= 1000
The large loop with steps takes 0.0717056 seconds for process 7 from the total of 10
End of program
The remaining number of particles in the particles vector is= 1000
The number of particles in the tree is= 1000
The large loop with steps takes 0.0707858 seconds for process 9 from the total of 10
End of program
The remaining number of particles in the particles vector is= 1000
The number of particles in the tree is= 1000
The large loop with steps takes 0.0969645 seconds for process 4 from the total of 10
End of program
The remaining number of particles in the particles vector is= 1000
The number of particles in the tree is= 1000
The large loop with steps takes 0.10325 seconds for process 3 from the total of 10
End of program
The remaining number of particles in the particles vector is= 1000
The number of particles in the tree is= 1000
The large loop with steps takes 0.119162 seconds for process 6 from the total of 10
End of program
The remaining number of particles in the particles vector is= 1000
The number of particles in the tree is= 1000
The large loop with steps takes 0.122974 seconds for process 8 from the total of 10
End of program
