The number of nodes per process: 1 1 1 1 1 1 1 1 1 


The final number of nodes in the root tree (the whole tree) is 774
The root node has 500 elements for process 0 from the total of 9
The particles vector has 500 particles for process 0 from the total of 9
There are 9 nodes and leaves at depth 3
The serialized node vector has 26 nodes for process 0 from the total of 9

prank=5-9: The array with the numbers of particles that process 5 has to send to the other proc: 1 1 1 1 1 0 1 1 1 prank=5-9: The pointer 5 has to send to the other proc: 1 1 1 1 1 0 1 1 1 prank=5-9: The remaining number of particles in the particles vector is= 1
prank=5-9: The large loop with steps takes 0.0071493 seconds
prank=5-9: End of program

prank=2-9: The array with the numbers of particles that process 2 has to send to the other proc: 57 57 0 57 57 0 57 57 57 prank=2-9: The pointer 2 has to send to the other proc: 57 57 0 57 57 0 57 57 57 prank=2-9: The remaining number of particles in the particles vector is= 57
prank=2-9: The large loop with steps takes 0.00909535 seconds
prank=2-9: End of program

prank=3-9: The array with the numbers of particles that process 3 has to send to the other proc: 58 58 58 0 58 0 58 58 58 prank=3-9: The pointer 3 has to send to the other proc: 58 58 58 0 58 0 58 58 58 prank=3-9: The remaining number of particles in the particles vector is= 58
prank=3-9: The large loop with steps takes 0.0086714 seconds
prank=4-9: The array with the numbers of particles that process 4 has to send to the other proc: 57 57 57 57 0 0 57 57 57 prank=4-9: The pointer 4 has to send to the other proc: 57 57 57 57 0 0 57 57 57 prank=4-9: The remaining number of particles in the particles vector is= 57
prank=4-9: The large loop with steps takes 0.00819891 seconds
prank=4-9: End of program

prank=3-9: End of program

prank=6-9: The array with the numbers of particles that process 6 has to send to the other proc: 61 61 61 61 61 0 0 61 61 prank=6-9: The pointer 6 has to send to the other proc: 61 61 61 61 61 0 0 61 61 prank=6-9: The remaining number of particles in the particles vector is= 61
prank=6-9: The large loop with steps takes 0.00731319 seconds
prank=6-9: End of program

prank=8-9: The array with the numbers of particles that process 8 has to send to the other proc: 63 63 63 63 63 0 63 63 0 prank=8-9: The pointer 8 has to send to the other proc: 63 63 63 63 63 0 63 63 0 prank=8-9: The remaining number of particles in the particles vector is= 63
prank=8-9: The large loop with steps takes 0.00656987 seconds
prank=8-9: End of program

prank=1-9: The array with the numbers of particles that process 1 has to send to the other proc: 70 0 70 70 70 0 70 70 70 prank=1-9: The pointer 1 has to send to the other proc: 70 0 70 70 70 0 70 70 70 prank=1-9: The remaining number of particles in the particles vector is= 70
prank=1-9: The large loop with steps takes 0.00976282 seconds
prank=1-9: End of program

prank=0-9: The array with the numbers of particles that process 0 has to send to the other proc: 0 67 67 67 67 0 67 67 67 prank=0-9: The pointer 0 has to send to the other proc: 0 67 67 67 67 0 67 67 67 prank=0-9: The remaining number of particles in the particles vector is= 67
prank=0-9: The large loop with steps takes 0.00672852 seconds
prank=0-9: End of program

prank=7-9: The array with the numbers of particles that process 7 has to send to the other proc: 66 66 66 66 66 0 66 0 66 prank=7-9: The pointer 7 has to send to the other proc: 66 66 66 66 66 0 66 0 66 prank=7-9: The remaining number of particles in the particles vector is= 66
prank=7-9: The large loop with steps takes 0.00747081 seconds
prank=7-9: End of program

