1
1
998
The first creation of the tree took 0.0277427 seconds for process 5 from the total of 10
The root node has 1000 elements
The particles vector has 1000 particles
The remaining number of particles in the particles vector is= 1000
The number of particles in the tree is= 1000
The large loop with steps takes 0.0277828 seconds
End of program
1
1
998
The first creation of the tree took 0.0279485 seconds for process 7 from the total of 10
The root node has 1000 elements
The particles vector has 1000 particles
The remaining number of particles in the particles vector is= 1000
The number of particles in the tree is= 1000
The large loop with steps takes 0.0279921 seconds
End of program
1
1
998
The first creation of the tree took 0.0277009 seconds for process 9 from the total of 10
The root node has 1000 elements
The particles vector has 1000 particles
The remaining number of particles in the particles vector is= 1000
The number of particles in the tree is= 1000
The large loop with steps takes 0.0277418 seconds
End of program
1
1
998
1
1
998
1
1
998
1
1
998
1
1
998
The first creation of the tree took 0.0272402 seconds for process 4 from the total of 10
The root node has 1000 elements
The particles vector has 1000 particles
The remaining number of particles in the particles vector is= 1000
The number of particles in the tree is= 1000
The large loop with steps takes 0.027282 seconds
End of program
The first creation of the tree took 0.0280166 seconds for process 0 from the total of 10
The root node has 1000 elements
The particles vector has 1000 particles
The remaining number of particles in the particles vector is= 1000
The number of particles in the tree is= 1000
The large loop with steps takes 0.0280397 seconds
End of program
The first creation of the tree took 0.0273173 seconds for process 1 from the total of 10
The root node has 1000 elements
The particles vector has 1000 particles
The remaining number of particles in the particles vector is= 1000
The number of particles in the tree is= 1000
The large loop with steps takes 0.0273483 seconds
End of program
The first creation of the tree took 0.0279133 seconds for process 2 from the total of 10
The root node has 1000 elements
The particles vector has 1000 particles
The remaining number of particles in the particles vector is= 1000
The number of particles in the tree is= 1000
The large loop with steps takes 0.0279511 seconds
End of program
1
1
998
The first creation of the tree took 0.0337087 seconds for process 6 from the total of 10
The root node has 1000 elements
The particles vector has 1000 particles
The remaining number of particles in the particles vector is= 1000
The number of particles in the tree is= 1000
The large loop with steps takes 0.0337352 seconds
End of program
1
1
998
The first creation of the tree took 0.031072 seconds for process 8 from the total of 10
The root node has 1000 elements
The particles vector has 1000 particles
The remaining number of particles in the particles vector is= 1000
The number of particles in the tree is= 1000
The large loop with steps takes 0.0310979 seconds
End of program
The first creation of the tree took 0.0378184 seconds for process 3 from the total of 10
The root node has 1000 elements
The particles vector has 1000 particles
The remaining number of particles in the particles vector is= 1000
The number of particles in the tree is= 1000
The large loop with steps takes 0.037866 seconds
End of program
