prank=1-6: The first creation of the tree took 3.0166e-05 seconds
prank=2-6: The first creation of the tree took 2.335e-05 seconds
prank=3-6: The first creation of the tree took 2.5746e-05 seconds
prank=4-6: The first creation of the tree took 1.5771e-05 seconds
prank=5-6: The first creation of the tree took 2.4517e-05 seconds
The number of nodes per process: 8 8 7 7 7 7 


The final number of nodes in the root tree (the whole tree) is 774
The root node has 500 elements for process 0 from the total of 6
The particles vector has 500 particles for process 0 from the total of 6
There are 44 nodes and leaves at depth 5
The serialized node vector has 78 nodes for process 0 from the total of 6

prank=0-6: The first creation of the tree took 0.00481223 seconds
prank=2-6: The remaining number of particles in the particles vector is= 111
prank=2-6: The large loop with steps takes 18.7973 seconds
prank=2-6: End of program

prank=3-6: The remaining number of particles in the particles vector is= 62
prank=3-6: The large loop with steps takes 18.7966 seconds
prank=3-6: End of program

prank=5-6: The remaining number of particles in the particles vector is= 64
prank=5-6: The large loop with steps takes 18.7955 seconds
prank=5-6: End of program

prank=1-6: The remaining number of particles in the particles vector is= 61
prank=1-6: The large loop with steps takes 18.7978 seconds
prank=1-6: End of program

prank=4-6: The remaining number of particles in the particles vector is= 66
prank=4-6: The large loop with steps takes 18.7962 seconds
prank=4-6: End of program

prank=0-6: The remaining number of particles in the particles vector is= 136
prank=0-6: The large loop with steps takes 18.8449 seconds
prank=0-6: End of program

