prank=1-4: The first creation of the tree took 3.656e-05 seconds
prank=2-4: The first creation of the tree took 2.1353e-05 seconds
prank=3-4: The first creation of the tree took 1.9933e-05 seconds
The number of nodes per process: 3 2 2 2 


The final number of nodes in the root tree (the whole tree) is 774
The root node has 500 elements for process 0 from the total of 4
The particles vector has 500 particles for process 0 from the total of 4
There are 9 nodes and leaves at depth 3
The serialized node vector has 26 nodes for process 0 from the total of 4

prank=0-4: The first creation of the tree took 0.00703981 seconds
prank=2-4: The remaining number of particles in the particles vector is= 62
prank=1-4: The remaining number of particles in the particles vector is= 115
prank=1-4: The large loop with steps takes 46.9533 seconds
prank=1-4: End of program

prank=3-4: The remaining number of particles in the particles vector is= 129
prank=3-4: The large loop with steps takes 46.9523 seconds
prank=2-4: The large loop with steps takes 46.952 seconds
prank=3-4: End of program

prank=2-4: End of program

prank=0-4: The remaining number of particles in the particles vector is= 194
prank=0-4: The large loop with steps takes 47.0707 seconds
prank=0-4: End of program

