prank=1-24: The first creation of the tree took 5.1826e-05 seconds
prank=2-24: The first creation of the tree took 4.0776e-05 seconds
prank=17-24: The first creation of the tree took 2.5078e-05 seconds
prank=3-24: The first creation of the tree took 1.7041e-05 seconds
prank=4-24: The first creation of the tree took 2.6268e-05 seconds
prank=5-24: The first creation of the tree took 6.1413e-05 seconds
prank=6-24: The first creation of the tree took 2.0463e-05 seconds
prank=7-24: The first creation of the tree took 1.6367e-05 seconds
prank=8-24: The first creation of the tree took 2.2579e-05 seconds
prank=9-24: The first creation of the tree took 4.9243e-05 seconds
prank=10-24: The first creation of the tree took 6.1944e-05 seconds
prank=11-24: The first creation of the tree took 2.3775e-05 seconds
prank=12-24: The first creation of the tree took 2.1932e-05 seconds
prank=13-24: The first creation of the tree took 3.5094e-05 seconds
prank=14-24: The first creation of the tree took 2.3891e-05 seconds
prank=15-24: The first creation of the tree took 2.3695e-05 seconds
The number of nodes per process: 2 2 2 2 2 2 2 2 2 2 2 2 2 2 2 2 2 2 2 2 1 1 1 1 


The final number of nodes in the root tree (the whole tree) is 774
The root node has 500 elements for process 0 from the total of 24
The particles vector has 500 particles for process 0 from the total of 24
There are 44 nodes and leaves at depth 5
The serialized node vector has 78 nodes for process 0 from the total of 24

prank=0-24: The first creation of the tree took 0.00670841 seconds
prank=18-24: The first creation of the tree took 2.0556e-05 seconds
prank=19-24: The first creation of the tree took 1.6743e-05 seconds
prank=20-24: The first creation of the tree took 1.7134e-05 seconds
prank=21-24: The first creation of the tree took 1.8988e-05 seconds
prank=22-24: The first creation of the tree took 1.6268e-05 seconds
prank=23-24: The first creation of the tree took 1.777e-05 seconds
prank=16-24: The first creation of the tree took 1.7565e-05 seconds
prank=12-24: The remaining number of particles in the particles vector is= 2
prank=12-24: The large loop with steps takes 15.7825 seconds
prank=12-24: End of program

prank=18-24: The remaining number of particles in the particles vector is= 2
prank=18-24: The large loop with steps takes 15.7888 seconds
prank=18-24: End of program

prank=9-24: The remaining number of particles in the particles vector is= 2
prank=9-24: The large loop with steps takes 15.7993 seconds
prank=9-24: End of program

prank=23-24: The remaining number of particles in the particles vector is= 1
prank=23-24: The large loop with steps takes 15.7943 seconds
prank=23-24: End of program

prank=17-24: The remaining number of particles in the particles vector is= 2
prank=1-24: The remaining number of particles in the particles vector is= 2
prank=17-24: The large loop with steps takes 15.8045 seconds
prank=17-24: End of program

prank=1-24: The large loop with steps takes 15.8051 seconds
prank=1-24: End of program

prank=2-24: The remaining number of particles in the particles vector is= 64
prank=2-24: The large loop with steps takes 15.8045 seconds
prank=2-24: End of program

prank=4-24: The remaining number of particles in the particles vector is= 4
prank=4-24: The large loop with steps takes 15.8033 seconds
prank=4-24: End of program

prank=5-24: The remaining number of particles in the particles vector is= 3
prank=5-24: The large loop with steps takes 15.8026 seconds
prank=5-24: End of program

prank=7-24: The remaining number of particles in the particles vector is= 3
prank=7-24: The large loop with steps takes 15.8016 seconds
prank=7-24: End of program

prank=3-24: The remaining number of particles in the particles vector is= 68
prank=3-24: The large loop with steps takes 15.804 seconds
prank=3-24: End of program

prank=6-24: The remaining number of particles in the particles vector is= 51
prank=6-24: The large loop with steps takes 15.8022 seconds
prank=6-24: End of program

prank=20-24: The remaining number of particles in the particles vector is= 1
prank=8-24: The remaining number of particles in the particles vector is= 55
prank=8-24: The large loop with steps takes 15.8009 seconds
prank=8-24: End of program

prank=10-24: The remaining number of particles in the particles vector is= 3
prank=10-24: The large loop with steps takes 15.7991 seconds
prank=10-24: End of program

prank=11-24: The remaining number of particles in the particles vector is= 52
prank=11-24: The large loop with steps takes 15.7984 seconds
prank=11-24: End of program

prank=13-24: The remaining number of particles in the particles vector is= 2
prank=13-24: The large loop with steps takes 15.7967 seconds
prank=13-24: End of program

prank=15-24: The remaining number of particles in the particles vector is= 2
prank=15-24: The large loop with steps takes 15.7951 seconds
prank=15-24: End of program

prank=22-24: The remaining number of particles in the particles vector is= 1
prank=22-24: The large loop with steps takes 15.7966 seconds
prank=22-24: End of program

prank=14-24: The remaining number of particles in the particles vector is= 57
prank=14-24: The large loop with steps takes 15.796 seconds
prank=14-24: End of program

prank=20-24: The large loop with steps takes 15.8019 seconds
prank=20-24: End of program

prank=21-24: The remaining number of particles in the particles vector is= 2
prank=21-24: The large loop with steps takes 15.7978 seconds
prank=21-24: End of program

prank=16-24: The remaining number of particles in the particles vector is= 61
prank=16-24: The large loop with steps takes 15.7948 seconds
prank=16-24: End of program

prank=19-24: The remaining number of particles in the particles vector is= 58
prank=19-24: The large loop with steps takes 15.8032 seconds
prank=19-24: End of program

prank=0-24: The remaining number of particles in the particles vector is= 2
prank=0-24: The large loop with steps takes 15.8072 seconds
prank=0-24: End of program

